[Incubating] Problems report is available at: file:///Z:/android/build/reports/problems/problems-report.html

FAILURE: Build failed with an exception.

* Where:
Script 'Z:\android\variables.gradle' line: 6

* What went wrong:
Could not compile script 'Z:\android\variables.gradle'.
> startup failed:
  script 'Z:\android\variables.gradle': 6: Unexpected input: '}' @ line 6, column 1.
     }
     ^
  
  1 error


* Try:
> Run with --stacktrace option to get the stack trace.
> Run with --info or --debug option to get more log output.
> Run with --scan to get full insights.
> Get more help at https://help.gradle.org.

BUILD FAILED in 1s
